<?xml version="1.0" encoding="UTF-8"?>
<testng-results skipped="0" failed="0" ignored="0" total="1" passed="1">
  <reporter-output>
  </reporter-output>
  <suite name="Suite" duration-ms="38937" started-at="2022-08-19T19:51:07Z" finished-at="2022-08-19T19:51:46Z">
    <groups>
    </groups>
    <test name="Test" duration-ms="38937" started-at="2022-08-19T19:51:07Z" finished-at="2022-08-19T19:51:46Z">
      <class name="Academy.MyntraFramework.HomePage">
        <test-method status="PASS" signature="initialize()[pri:0, instance:Academy.MyntraFramework.HomePage@6b09fb41]" name="initialize" is-config="true" duration-ms="11419" started-at="2022-08-19T19:51:07Z" finished-at="2022-08-19T19:51:19Z">
          <reporter-output>
          </reporter-output>
        </test-method> <!-- initialize -->
        <test-method status="PASS" signature="basePageNavigation()[pri:0, instance:Academy.MyntraFramework.HomePage@6b09fb41]" name="basePageNavigation" duration-ms="26507" started-at="2022-08-19T19:51:19Z" finished-at="2022-08-19T19:51:45Z">
          <reporter-output>
          </reporter-output>
        </test-method> <!-- basePageNavigation -->
        <test-method status="PASS" signature="teardown()[pri:0, instance:Academy.MyntraFramework.HomePage@6b09fb41]" name="teardown" is-config="true" duration-ms="980" started-at="2022-08-19T19:51:45Z" finished-at="2022-08-19T19:51:46Z">
          <reporter-output>
          </reporter-output>
        </test-method> <!-- teardown -->
      </class> <!-- Academy.MyntraFramework.HomePage -->
    </test> <!-- Test -->
  </suite> <!-- Suite -->
</testng-results>
